2025-09-07 16:34:49,637 - __main__ - INFO - Starting Media Scraper Server
2025-09-07 16:34:49,638 - __main__ - INFO - Loading environment from .env
2025-09-07 16:34:49,641 - __main__ - INFO - Using SQLite database at sqlite:////mnt/c/inetpub/wwwroot/scraper/instance/scraper.db
2025-09-07 16:34:50,541 - src.scrapers - INFO - Registered scraper: reddit (social)
2025-09-07 16:34:50,541 - src.scrapers - INFO - Registered scraper: youtube (video)
2025-09-07 16:34:50,542 - src.scrapers - INFO - Registered scraper: instagram (social)
2025-09-07 16:34:50,542 - src.scrapers - INFO - Registered scraper: bing images (search)
2025-09-07 16:34:50,542 - src.scrapers - INFO - Registered scraper: google images (search)
2025-09-07 16:34:50,543 - src.scrapers - INFO - Registered scraper: vimeo (video)
2025-09-07 16:34:50,543 - src.scrapers - INFO - Registered scraper: dailymotion (video)
2025-09-07 16:34:50,543 - src.scrapers - INFO - Registered scraper: twitch (video)
2025-09-07 16:34:50,544 - src.scrapers - INFO - Registered scraper: tiktok (social)
2025-09-07 16:34:50,544 - src.scrapers - INFO - Registered scraper: facebook watch (social)
2025-09-07 16:34:50,544 - src.scrapers - INFO - Registered scraper: metacafe (video)
2025-09-07 16:34:50,545 - src.scrapers - INFO - Registered scraper: veoh (video)
2025-09-07 16:34:50,545 - src.scrapers - INFO - Registered scraper: bitchute (video)
2025-09-07 16:34:50,545 - src.scrapers - INFO - Registered scraper: bilibili (video)
2025-09-07 16:34:50,546 - src.scrapers - INFO - Registered scraper: newgrounds (video)
2025-09-07 16:34:50,546 - src.scrapers - INFO - Registered scraper: 9gag tv (video)
2025-09-07 16:34:50,547 - src.scrapers - INFO - Registered scraper: liveleak (video)
2025-09-07 16:34:50,547 - src.scrapers - INFO - Registered scraper: duckduckgo images (search)
2025-09-07 16:34:50,547 - src.scrapers - INFO - Registered scraper: yahoo images (search)
2025-09-07 16:34:50,548 - src.scrapers - INFO - Registered scraper: yandex images (search)
2025-09-07 16:34:50,548 - src.scrapers - INFO - Registered scraper: imgur (image)
2025-09-07 16:34:50,548 - src.scrapers - INFO - Registered scraper: flickr (image)
2025-09-07 16:34:50,549 - src.scrapers - INFO - Registered scraper: unsplash (image)
2025-09-07 16:34:50,549 - src.scrapers - INFO - Registered scraper: pixabay (image)
2025-09-07 16:34:50,549 - src.scrapers - INFO - Registered scraper: pexels (image)
2025-09-07 16:34:50,550 - src.scrapers - INFO - Registered scraper: deviantart (art)
2025-09-07 16:34:50,550 - src.scrapers - INFO - Registered scraper: giphy (image)
2025-09-07 16:34:50,550 - src.scrapers - INFO - Registered scraper: 500px (image)
2025-09-07 16:34:50,551 - src.scrapers - INFO - Registered scraper: google search (search)
2025-09-07 16:34:50,551 - src.scrapers - INFO - Registered scraper: bing search (search)
2025-09-07 16:34:50,551 - src.scrapers - INFO - Registered scraper: duckduckgo search (search)
2025-09-07 16:34:50,552 - src.scrapers - INFO - Registered scraper: yahoo search (search)
2025-09-07 16:34:50,552 - src.scrapers - INFO - Registered scraper: yandex search (search)
2025-09-07 16:34:50,553 - src.scrapers - INFO - Registered scraper: baidu search (search)
2025-09-07 16:34:50,553 - src.scrapers - INFO - Registered scraper: ask search (search)
2025-09-07 16:34:50,554 - src.scrapers - INFO - Registered scraper: startpage search (search)
2025-09-07 16:34:50,554 - src.scrapers - INFO - Registered scraper: qwant search (search)
2025-09-07 16:34:50,555 - src.scrapers - INFO - Registered scraper: naver search (search)
2025-09-07 16:34:50,555 - src.scrapers - INFO - Registered scraper: twitter (social)
2025-09-07 16:34:50,555 - src.scrapers - INFO - Registered scraper: facebook (social)
2025-09-07 16:34:50,556 - src.scrapers - INFO - Registered scraper: pinterest (social)
2025-09-07 16:34:50,556 - src.scrapers - INFO - Registered scraper: tumblr (social)
2025-09-07 16:34:50,556 - src.scrapers - INFO - Registered scraper: linkedin (social)
2025-09-07 16:34:50,557 - src.scrapers - INFO - Registered scraper: snapchat (social)
2025-09-07 16:34:50,557 - src.scrapers - INFO - Registered scraper: vk (social)
2025-09-07 16:34:50,557 - src.scrapers - INFO - Registered scraper: weibo (social)
2025-09-07 16:34:50,558 - src.scrapers - INFO - Registered scraper: pornhub (adult)
2025-09-07 16:34:50,558 - src.scrapers - INFO - Registered scraper: xvideos (adult)
2025-09-07 16:34:50,558 - src.scrapers - INFO - Registered scraper: xhamster (adult)
2025-09-07 16:34:50,559 - src.scrapers - INFO - Registered scraper: xnxx (adult)
2025-09-07 16:34:50,559 - src.scrapers - INFO - Registered scraper: spankbang (adult)
2025-09-07 16:34:50,560 - src.scrapers - INFO - Registered scraper: tnaflix (adult)
2025-09-07 16:34:50,560 - src.scrapers - INFO - Registered scraper: txxx (adult)
2025-09-07 16:34:50,560 - src.scrapers - INFO - Registered scraper: drtuber (adult)
2025-09-07 16:34:50,561 - src.scrapers - INFO - Registered scraper: 4tube (adult)
2025-09-07 16:34:50,561 - src.scrapers - INFO - Registered scraper: 24video (adult)
2025-09-07 16:34:50,561 - src.scrapers - INFO - Registered scraper: 91porn (adult)
2025-09-07 16:34:50,562 - src.scrapers - INFO - Registered scraper: beeg (adult)
2025-09-07 16:34:50,562 - src.scrapers - INFO - Registered scraper: alphaporno (adult)
2025-09-07 16:34:50,562 - src.scrapers - INFO - Registered scraper: behindkink (adult)
2025-09-07 16:34:50,563 - src.scrapers - INFO - Registered scraper: bongacams (adult)
2025-09-07 16:34:50,563 - src.scrapers - INFO - Registered scraper: cammodels (adult)
2025-09-07 16:34:50,563 - src.scrapers - INFO - Registered scraper: camtube (adult)
2025-09-07 16:34:50,564 - src.scrapers - INFO - Registered scraper: camwithher (adult)
2025-09-07 16:34:50,564 - src.scrapers - INFO - Registered scraper: empflix (adult)
2025-09-07 16:34:50,564 - src.scrapers - INFO - Registered scraper: eporner (adult)
2025-09-07 16:34:50,565 - src.scrapers - INFO - Registered scraper: eroprofile (adult)
2025-09-07 16:34:50,565 - src.scrapers - INFO - Registered scraper: extremetube (adult)
2025-09-07 16:34:50,565 - src.scrapers - INFO - Registered scraper: hellporno (adult)
2025-09-07 16:34:50,566 - src.scrapers - INFO - Registered scraper: hentaistigma (adult)
2025-09-07 16:34:50,566 - src.scrapers - INFO - Registered scraper: hornbunny (adult)
2025-09-07 16:34:50,567 - src.scrapers - INFO - Registered scraper: iwaratv (adult)
2025-09-07 16:34:50,567 - src.scrapers - INFO - Registered scraper: keezmovies (adult)
2025-09-07 16:34:50,568 - src.scrapers - INFO - Registered scraper: motherless (adult)
2025-09-07 16:34:50,568 - src.scrapers - INFO - Registered scraper: tumblr nsfw (adult)
2025-09-07 16:34:50,569 - src.scrapers - INFO - Registered scraper: redtube (adult)
2025-09-07 16:34:50,569 - src.scrapers - INFO - Registered scraper: youporn (adult)
2025-09-07 16:34:50,570 - src.scrapers - INFO - Registered scraper: tubegalore (adult)
2025-09-07 16:34:50,735 - app_refactored - INFO - DB URI: sqlite:////mnt/c/inetpub/wwwroot/scraper/instance/scraper.db
2025-09-07 16:34:50,757 - app_refactored - INFO - Google OAuth initialized
2025-09-07 16:34:50,781 - app_refactored - INFO - DB URI: sqlite:////mnt/c/inetpub/wwwroot/scraper/instance/scraper.db
2025-09-07 16:34:50,797 - app_refactored - INFO - Google OAuth initialized
2025-09-07 16:34:50,821 - __main__ - INFO - Server starting on 0.0.0.0:5050
2025-09-07 16:34:50,822 - __main__ - INFO - Access the application at: http://localhost/scraper
Address already in use
Port 5050 is in use by another program. Either identify and stop that program, or start the server with a different port.
